  [1m[35m (8.7ms)[0m  [1m[35mCREATE TABLE "schema_migrations" ("version" varchar NOT NULL PRIMARY KEY)[0m
  [1m[35m (9.3ms)[0m  [1m[35mCREATE TABLE "ar_internal_metadata" ("key" varchar NOT NULL PRIMARY KEY, "value" varchar, "created_at" datetime NOT NULL, "updated_at" datetime NOT NULL)[0m
  [1m[36mActiveRecord::SchemaMigration Load (0.2ms)[0m  [1m[34mSELECT "schema_migrations".* FROM "schema_migrations"[0m
Migrating to CreatePatients (20161201211552)
  [1m[35m (0.1ms)[0m  [1m[36mbegin transaction[0m
  [1m[35m (0.4ms)[0m  [1m[35mCREATE TABLE "patients" ("id" INTEGER PRIMARY KEY AUTOINCREMENT NOT NULL, "name" varchar, "email" varchar, "password" varchar, "doctor_id" integer, "created_at" datetime NOT NULL, "updated_at" datetime NOT NULL)[0m
  [1m[35m (0.1ms)[0m  [1m[34mselect sqlite_version(*)[0m
  [1m[35m (0.1ms)[0m  [1m[35mCREATE  INDEX "index_patients_on_doctor_id" ON "patients" ("doctor_id")[0m
  [1m[35mSQL (0.2ms)[0m  [1m[32mINSERT INTO "schema_migrations" ("version") VALUES (?)[0m  [["version", "20161201211552"]]
  [1m[35m (5.9ms)[0m  [1m[36mcommit transaction[0m
Migrating to CreateChronics (20161201211658)
  [1m[35m (0.1ms)[0m  [1m[36mbegin transaction[0m
  [1m[35m (0.7ms)[0m  [1m[35mCREATE TABLE "chronics" ("id" INTEGER PRIMARY KEY AUTOINCREMENT NOT NULL, "date_created" datetime, "discomfort_score" float, "patient_id" integer, "created_at" datetime NOT NULL, "updated_at" datetime NOT NULL)[0m
  [1m[35m (0.1ms)[0m  [1m[35mCREATE  INDEX "index_chronics_on_patient_id" ON "chronics" ("patient_id")[0m
  [1m[35mSQL (0.3ms)[0m  [1m[32mINSERT INTO "schema_migrations" ("version") VALUES (?)[0m  [["version", "20161201211658"]]
  [1m[35m (6.3ms)[0m  [1m[36mcommit transaction[0m
Migrating to CreateAcutes (20161201211717)
  [1m[35m (0.1ms)[0m  [1m[36mbegin transaction[0m
  [1m[35m (0.5ms)[0m  [1m[35mCREATE TABLE "acutes" ("id" INTEGER PRIMARY KEY AUTOINCREMENT NOT NULL, "date_created" datetime, "answer" varchar, "patient_id" integer, "created_at" datetime NOT NULL, "updated_at" datetime NOT NULL)[0m
  [1m[35m (0.2ms)[0m  [1m[35mCREATE  INDEX "index_acutes_on_patient_id" ON "acutes" ("patient_id")[0m
  [1m[35mSQL (3.8ms)[0m  [1m[32mINSERT INTO "schema_migrations" ("version") VALUES (?)[0m  [["version", "20161201211717"]]
  [1m[35m (9.6ms)[0m  [1m[36mcommit transaction[0m
Migrating to CreateDoctors (20161202163900)
  [1m[35m (0.1ms)[0m  [1m[36mbegin transaction[0m
  [1m[35m (0.4ms)[0m  [1m[35mCREATE TABLE "doctors" ("id" INTEGER PRIMARY KEY AUTOINCREMENT NOT NULL, "name" varchar, "email" varchar, "password" varchar, "created_at" datetime NOT NULL, "updated_at" datetime NOT NULL)[0m
  [1m[35mSQL (0.2ms)[0m  [1m[32mINSERT INTO "schema_migrations" ("version") VALUES (?)[0m  [["version", "20161202163900"]]
  [1m[35m (27.8ms)[0m  [1m[36mcommit transaction[0m
  [1m[36mActiveRecord::InternalMetadata Load (0.3ms)[0m  [1m[34mSELECT  "ar_internal_metadata".* FROM "ar_internal_metadata" WHERE "ar_internal_metadata"."key" = ? LIMIT ?[0m  [["key", :environment], ["LIMIT", 1]]
  [1m[35m (0.1ms)[0m  [1m[36mbegin transaction[0m
  [1m[35mSQL (0.8ms)[0m  [1m[32mINSERT INTO "ar_internal_metadata" ("key", "value", "created_at", "updated_at") VALUES (?, ?, ?, ?)[0m  [["key", "environment"], ["value", "development"], ["created_at", 2016-12-09 20:21:13 UTC], ["updated_at", 2016-12-09 20:21:13 UTC]]
  [1m[35m (7.5ms)[0m  [1m[36mcommit transaction[0m
  [1m[36mActiveRecord::SchemaMigration Load (0.1ms)[0m  [1m[34mSELECT "schema_migrations".* FROM "schema_migrations"[0m
  [1m[35m (0.1ms)[0m  [1m[34m            SELECT sql
            FROM sqlite_master
            WHERE name='index_acutes_on_patient_id' AND type='index'
            UNION ALL
            SELECT sql
            FROM sqlite_temp_master
            WHERE name='index_acutes_on_patient_id' AND type='index'
[0m
  [1m[35m (0.1ms)[0m  [1m[34m            SELECT sql
            FROM sqlite_master
            WHERE name='index_chronics_on_patient_id' AND type='index'
            UNION ALL
            SELECT sql
            FROM sqlite_temp_master
            WHERE name='index_chronics_on_patient_id' AND type='index'
[0m
  [1m[35m (0.2ms)[0m  [1m[34m            SELECT sql
            FROM sqlite_master
            WHERE name='index_patients_on_doctor_id' AND type='index'
            UNION ALL
            SELECT sql
            FROM sqlite_temp_master
            WHERE name='index_patients_on_doctor_id' AND type='index'
[0m
  [1m[36mActiveRecord::SchemaMigration Load (0.2ms)[0m  [1m[34mSELECT "schema_migrations".* FROM "schema_migrations"[0m
Migrating to RemoveEmailFromPatients (20161209202149)
  [1m[35m (0.1ms)[0m  [1m[36mbegin transaction[0m
  [1m[35m (0.4ms)[0m  [1m[35mCREATE TEMPORARY TABLE "apatients" ("id" INTEGER PRIMARY KEY AUTOINCREMENT NOT NULL, "name" varchar, "email" varchar, "password" varchar, "doctor_id" integer, "created_at" datetime NOT NULL, "updated_at" datetime NOT NULL)[0m
  [1m[35m (0.1ms)[0m  [1m[34m            SELECT sql
            FROM sqlite_master
            WHERE name='index_patients_on_doctor_id' AND type='index'
            UNION ALL
            SELECT sql
            FROM sqlite_temp_master
            WHERE name='index_patients_on_doctor_id' AND type='index'
[0m
  [1m[35m (0.1ms)[0m  [1m[34mselect sqlite_version(*)[0m
  [1m[35m (0.1ms)[0m  [1m[35mCREATE  INDEX "tindex_apatients_on_doctor_id" ON "apatients" ("doctor_id")[0m
  [1m[35m (0.2ms)[0m  [1m[32mINSERT INTO "apatients" ("id","name","email","password","doctor_id","created_at","updated_at")
                     SELECT "id","name","email","password","doctor_id","created_at","updated_at" FROM "patients"[0m
  [1m[35m (2.1ms)[0m  [1m[35mDROP TABLE "patients"[0m
  [1m[35m (0.3ms)[0m  [1m[35mCREATE TABLE "patients" ("id" INTEGER PRIMARY KEY AUTOINCREMENT NOT NULL, "name" varchar, "password" varchar, "doctor_id" integer, "created_at" datetime NOT NULL, "updated_at" datetime NOT NULL)[0m
  [1m[35m (0.2ms)[0m  [1m[34m            SELECT sql
            FROM sqlite_master
            WHERE name='tindex_apatients_on_doctor_id' AND type='index'
            UNION ALL
            SELECT sql
            FROM sqlite_temp_master
            WHERE name='tindex_apatients_on_doctor_id' AND type='index'
[0m
  [1m[35m (0.2ms)[0m  [1m[35mCREATE  INDEX "index_patients_on_doctor_id" ON "patients" ("doctor_id")[0m
  [1m[35m (0.1ms)[0m  [1m[32mINSERT INTO "patients" ("id","name","password","doctor_id","created_at","updated_at")
                     SELECT "id","name","password","doctor_id","created_at","updated_at" FROM "apatients"[0m
  [1m[35m (0.2ms)[0m  [1m[35mDROP TABLE "apatients"[0m
  [1m[35mSQL (0.4ms)[0m  [1m[32mINSERT INTO "schema_migrations" ("version") VALUES (?)[0m  [["version", "20161209202149"]]
  [1m[35m (330.3ms)[0m  [1m[36mcommit transaction[0m
  [1m[36mActiveRecord::InternalMetadata Load (0.2ms)[0m  [1m[34mSELECT  "ar_internal_metadata".* FROM "ar_internal_metadata" WHERE "ar_internal_metadata"."key" = ? LIMIT ?[0m  [["key", :environment], ["LIMIT", 1]]
  [1m[35m (0.1ms)[0m  [1m[36mbegin transaction[0m
  [1m[35m (0.1ms)[0m  [1m[36mcommit transaction[0m
  [1m[36mActiveRecord::SchemaMigration Load (0.1ms)[0m  [1m[34mSELECT "schema_migrations".* FROM "schema_migrations"[0m
  [1m[35m (0.1ms)[0m  [1m[34m            SELECT sql
            FROM sqlite_master
            WHERE name='index_acutes_on_patient_id' AND type='index'
            UNION ALL
            SELECT sql
            FROM sqlite_temp_master
            WHERE name='index_acutes_on_patient_id' AND type='index'
[0m
  [1m[35m (0.1ms)[0m  [1m[34m            SELECT sql
            FROM sqlite_master
            WHERE name='index_chronics_on_patient_id' AND type='index'
            UNION ALL
            SELECT sql
            FROM sqlite_temp_master
            WHERE name='index_chronics_on_patient_id' AND type='index'
[0m
  [1m[35m (0.1ms)[0m  [1m[34m            SELECT sql
            FROM sqlite_master
            WHERE name='index_patients_on_doctor_id' AND type='index'
            UNION ALL
            SELECT sql
            FROM sqlite_temp_master
            WHERE name='index_patients_on_doctor_id' AND type='index'
[0m
  [1m[36mActiveRecord::SchemaMigration Load (0.3ms)[0m  [1m[34mSELECT "schema_migrations".* FROM "schema_migrations"[0m
Migrating to AddDeviseToPatients (20161209203658)
  [1m[35m (0.1ms)[0m  [1m[36mbegin transaction[0m
  [1m[35m (0.6ms)[0m  [1m[35mALTER TABLE "patients" ADD "email" varchar DEFAULT '' NOT NULL[0m
  [1m[35m (0.3ms)[0m  [1m[35mALTER TABLE "patients" ADD "encrypted_password" varchar DEFAULT '' NOT NULL[0m
  [1m[35m (0.3ms)[0m  [1m[35mALTER TABLE "patients" ADD "reset_password_token" varchar[0m
  [1m[35m (0.2ms)[0m  [1m[35mALTER TABLE "patients" ADD "reset_password_sent_at" datetime[0m
  [1m[35m (0.2ms)[0m  [1m[35mALTER TABLE "patients" ADD "remember_created_at" datetime[0m
  [1m[35m (0.2ms)[0m  [1m[35mALTER TABLE "patients" ADD "sign_in_count" integer DEFAULT 0 NOT NULL[0m
  [1m[35m (0.2ms)[0m  [1m[35mALTER TABLE "patients" ADD "current_sign_in_at" datetime[0m
  [1m[35m (0.2ms)[0m  [1m[35mALTER TABLE "patients" ADD "last_sign_in_at" datetime[0m
  [1m[35m (0.2ms)[0m  [1m[35mALTER TABLE "patients" ADD "current_sign_in_ip" varchar[0m
  [1m[35m (0.3ms)[0m  [1m[35mALTER TABLE "patients" ADD "last_sign_in_ip" varchar[0m
  [1m[35m (0.1ms)[0m  [1m[34mselect sqlite_version(*)[0m
  [1m[35m (0.2ms)[0m  [1m[34m            SELECT sql
            FROM sqlite_master
            WHERE name='index_patients_on_doctor_id' AND type='index'
            UNION ALL
            SELECT sql
            FROM sqlite_temp_master
            WHERE name='index_patients_on_doctor_id' AND type='index'
[0m
  [1m[35m (0.4ms)[0m  [1m[35mCREATE UNIQUE INDEX "index_patients_on_email" ON "patients" ("email")[0m
  [1m[35m (0.2ms)[0m  [1m[34m            SELECT sql
            FROM sqlite_master
            WHERE name='index_patients_on_email' AND type='index'
            UNION ALL
            SELECT sql
            FROM sqlite_temp_master
            WHERE name='index_patients_on_email' AND type='index'
[0m
  [1m[35m (0.2ms)[0m  [1m[34m            SELECT sql
            FROM sqlite_master
            WHERE name='index_patients_on_doctor_id' AND type='index'
            UNION ALL
            SELECT sql
            FROM sqlite_temp_master
            WHERE name='index_patients_on_doctor_id' AND type='index'
[0m
  [1m[35m (0.3ms)[0m  [1m[35mCREATE UNIQUE INDEX "index_patients_on_reset_password_token" ON "patients" ("reset_password_token")[0m
  [1m[35mSQL (0.5ms)[0m  [1m[32mINSERT INTO "schema_migrations" ("version") VALUES (?)[0m  [["version", "20161209203658"]]
  [1m[35m (329.5ms)[0m  [1m[36mcommit transaction[0m
  [1m[36mActiveRecord::InternalMetadata Load (0.6ms)[0m  [1m[34mSELECT  "ar_internal_metadata".* FROM "ar_internal_metadata" WHERE "ar_internal_metadata"."key" = ? LIMIT ?[0m  [["key", :environment], ["LIMIT", 1]]
  [1m[35m (0.1ms)[0m  [1m[36mbegin transaction[0m
  [1m[35m (0.0ms)[0m  [1m[36mcommit transaction[0m
  [1m[36mActiveRecord::SchemaMigration Load (0.1ms)[0m  [1m[34mSELECT "schema_migrations".* FROM "schema_migrations"[0m
  [1m[35m (0.1ms)[0m  [1m[34m            SELECT sql
            FROM sqlite_master
            WHERE name='index_acutes_on_patient_id' AND type='index'
            UNION ALL
            SELECT sql
            FROM sqlite_temp_master
            WHERE name='index_acutes_on_patient_id' AND type='index'
[0m
  [1m[35m (0.1ms)[0m  [1m[34m            SELECT sql
            FROM sqlite_master
            WHERE name='index_chronics_on_patient_id' AND type='index'
            UNION ALL
            SELECT sql
            FROM sqlite_temp_master
            WHERE name='index_chronics_on_patient_id' AND type='index'
[0m
  [1m[35m (0.2ms)[0m  [1m[34m            SELECT sql
            FROM sqlite_master
            WHERE name='index_patients_on_reset_password_token' AND type='index'
            UNION ALL
            SELECT sql
            FROM sqlite_temp_master
            WHERE name='index_patients_on_reset_password_token' AND type='index'
[0m
  [1m[35m (0.2ms)[0m  [1m[34m            SELECT sql
            FROM sqlite_master
            WHERE name='index_patients_on_email' AND type='index'
            UNION ALL
            SELECT sql
            FROM sqlite_temp_master
            WHERE name='index_patients_on_email' AND type='index'
[0m
  [1m[35m (0.1ms)[0m  [1m[34m            SELECT sql
            FROM sqlite_master
            WHERE name='index_patients_on_doctor_id' AND type='index'
            UNION ALL
            SELECT sql
            FROM sqlite_temp_master
            WHERE name='index_patients_on_doctor_id' AND type='index'
[0m
Started GET "/" for 127.0.0.1 at 2016-12-09 15:39:44 -0500
  [1m[36mActiveRecord::SchemaMigration Load (0.2ms)[0m  [1m[34mSELECT "schema_migrations".* FROM "schema_migrations"[0m
Processing by WelcomeController#index as HTML
  Rendering welcome/index.html.erb within layouts/application
  Rendered welcome/index.html.erb within layouts/application (6.8ms)
Completed 200 OK in 9790ms (Views: 9778.7ms | ActiveRecord: 0.0ms)


Started GET "/patients" for 127.0.0.1 at 2016-12-09 15:39:56 -0500
Processing by PatientsController#index as HTML
  Rendering patients/index.html.erb within layouts/application
  [1m[36mPatient Load (0.3ms)[0m  [1m[34mSELECT "patients".* FROM "patients"[0m
  Rendered patients/index.html.erb within layouts/application (6.3ms)
Completed 200 OK in 116ms (Views: 113.3ms | ActiveRecord: 0.8ms)


Started GET "/" for 127.0.0.1 at 2016-12-09 15:52:27 -0500
  [1m[36mActiveRecord::SchemaMigration Load (0.2ms)[0m  [1m[34mSELECT "schema_migrations".* FROM "schema_migrations"[0m
Processing by WelcomeController#index as HTML
  Rendering welcome/index.html.erb within layouts/application
  Rendered welcome/index.html.erb within layouts/application (8.0ms)
Completed 200 OK in 476ms (Views: 464.1ms | ActiveRecord: 0.0ms)


Started GET "/patients/sign_up" for 127.0.0.1 at 2016-12-09 15:52:34 -0500
Processing by Devise::RegistrationsController#new as HTML
  Rendering /var/lib/gems/2.3.0/gems/devise-4.2.0/app/views/devise/registrations/new.html.erb within layouts/application
  Rendered /var/lib/gems/2.3.0/gems/devise-4.2.0/app/views/devise/shared/_links.html.erb (2.9ms)
  Rendered /var/lib/gems/2.3.0/gems/devise-4.2.0/app/views/devise/registrations/new.html.erb within layouts/application (69.9ms)
Completed 200 OK in 260ms (Views: 219.2ms | ActiveRecord: 2.1ms)


Started POST "/patients" for 127.0.0.1 at 2016-12-09 15:52:45 -0500
Processing by Devise::RegistrationsController#create as HTML
  Parameters: {"utf8"=>"✓", "authenticity_token"=>"vPfinQx6fkgFt6H4uq5ZwLoAxDwAKUH7kGUpdtTPEBjNf1XFHzMc+fS2yaBu4461wbXUlfieSgcb64M+JX1B8w==", "patient"=>{"email"=>"huang@gmail.com", "password"=>"[FILTERED]", "password_confirmation"=>"[FILTERED]"}, "commit"=>"Sign up"}
  [1m[35m (0.1ms)[0m  [1m[36mbegin transaction[0m
  [1m[36mPatient Exists (0.4ms)[0m  [1m[34mSELECT  1 AS one FROM "patients" WHERE "patients"."email" = ? LIMIT ?[0m  [["email", "huang@gmail.com"], ["LIMIT", 1]]
  [1m[35m (0.1ms)[0m  [1m[31mrollback transaction[0m
  Rendering /var/lib/gems/2.3.0/gems/devise-4.2.0/app/views/devise/registrations/new.html.erb within layouts/application
  Rendered /var/lib/gems/2.3.0/gems/devise-4.2.0/app/views/devise/shared/_links.html.erb (1.3ms)
  Rendered /var/lib/gems/2.3.0/gems/devise-4.2.0/app/views/devise/registrations/new.html.erb within layouts/application (10.6ms)
Completed 200 OK in 399ms (Views: 101.8ms | ActiveRecord: 0.6ms)


Started GET "/patients" for 127.0.0.1 at 2016-12-09 16:02:35 -0500
  [1m[36mActiveRecord::SchemaMigration Load (0.3ms)[0m  [1m[34mSELECT "schema_migrations".* FROM "schema_migrations"[0m
Processing by PatientsController#index as HTML
  Rendering patients/index.html.erb within layouts/application
  [1m[36mPatient Load (0.3ms)[0m  [1m[34mSELECT "patients".* FROM "patients"[0m
  Rendered patients/index.html.erb within layouts/application (13.9ms)
Completed 200 OK in 517ms (Views: 498.5ms | ActiveRecord: 1.7ms)


Started GET "/patients/sign_up" for 127.0.0.1 at 2016-12-09 16:02:41 -0500
Processing by Devise::RegistrationsController#new as HTML
  Rendering /var/lib/gems/2.3.0/gems/devise-4.2.0/app/views/devise/registrations/new.html.erb within layouts/application
  Rendered /var/lib/gems/2.3.0/gems/devise-4.2.0/app/views/devise/shared/_links.html.erb (2.5ms)
  Rendered /var/lib/gems/2.3.0/gems/devise-4.2.0/app/views/devise/registrations/new.html.erb within layouts/application (53.7ms)
Completed 200 OK in 160ms (Views: 135.8ms | ActiveRecord: 1.1ms)


Started GET "/patients/sign_up" for 127.0.0.1 at 2016-12-09 16:02:59 -0500
Processing by Devise::RegistrationsController#new as HTML
  Rendering /var/lib/gems/2.3.0/gems/devise-4.2.0/app/views/devise/registrations/new.html.erb within layouts/application
  Rendered /var/lib/gems/2.3.0/gems/devise-4.2.0/app/views/devise/shared/_links.html.erb (3.7ms)
  Rendered /var/lib/gems/2.3.0/gems/devise-4.2.0/app/views/devise/registrations/new.html.erb within layouts/application (11.8ms)
Completed 200 OK in 144ms (Views: 140.0ms | ActiveRecord: 0.0ms)


Started POST "/patients" for 127.0.0.1 at 2016-12-09 16:05:22 -0500
Processing by Devise::RegistrationsController#create as HTML
  Parameters: {"utf8"=>"✓", "authenticity_token"=>"TKWhuPGa8HQ9sJhFbE1HL+THPZL99UW54yJZV+GsZrI9LRbg4tOSxcyx8B24AJBan3ItOwVCTkVorPMfEB43WQ==", "patient"=>{"email"=>"huang@gmail.com", "password"=>"[FILTERED]", "password_confirmation"=>"[FILTERED]"}, "commit"=>"Sign up"}
  [1m[35m (0.1ms)[0m  [1m[36mbegin transaction[0m
  [1m[36mPatient Exists (0.7ms)[0m  [1m[34mSELECT  1 AS one FROM "patients" WHERE "patients"."email" = ? LIMIT ?[0m  [["email", "huang@gmail.com"], ["LIMIT", 1]]
  [1m[35m (0.9ms)[0m  [1m[31mrollback transaction[0m
  Rendering /var/lib/gems/2.3.0/gems/devise-4.2.0/app/views/devise/registrations/new.html.erb within layouts/application
  Rendered /var/lib/gems/2.3.0/gems/devise-4.2.0/app/views/devise/shared/_links.html.erb (1.2ms)
  Rendered /var/lib/gems/2.3.0/gems/devise-4.2.0/app/views/devise/registrations/new.html.erb within layouts/application (10.2ms)
Completed 200 OK in 343ms (Views: 96.1ms | ActiveRecord: 1.6ms)


Started GET "/patients" for 127.0.0.1 at 2016-12-09 16:06:05 -0500
Processing by PatientsController#index as HTML
  Rendering patients/index.html.erb within layouts/application
  [1m[36mPatient Load (0.3ms)[0m  [1m[34mSELECT "patients".* FROM "patients"[0m
  Rendered patients/index.html.erb within layouts/application (3.8ms)
Completed 200 OK in 109ms (Views: 107.1ms | ActiveRecord: 0.3ms)


Started GET "/patients/new" for 127.0.0.1 at 2016-12-09 16:06:07 -0500
Processing by PatientsController#new as HTML
  Rendering patients/new.html.erb within layouts/application
  [1m[36mDoctor Load (0.2ms)[0m  [1m[34mSELECT "doctors".* FROM "doctors" ORDER BY "doctors"."name" ASC[0m
  Rendered patients/_form.html.erb (7.4ms)
  Rendered patients/new.html.erb within layouts/application (9.1ms)
Completed 200 OK in 118ms (Views: 116.1ms | ActiveRecord: 0.6ms)


Started GET "/" for 127.0.0.1 at 2016-12-09 16:07:19 -0500
  [1m[36mActiveRecord::SchemaMigration Load (0.2ms)[0m  [1m[34mSELECT "schema_migrations".* FROM "schema_migrations"[0m
Processing by WelcomeController#index as HTML
  Rendering welcome/index.html.erb within layouts/application
  Rendered welcome/index.html.erb within layouts/application (5.1ms)
Completed 200 OK in 489ms (Views: 474.7ms | ActiveRecord: 0.0ms)


Started GET "/patients/sign_up" for 127.0.0.1 at 2016-12-09 16:07:21 -0500
Processing by Devise::RegistrationsController#new as HTML
  Rendering /var/lib/gems/2.3.0/gems/devise-4.2.0/app/views/devise/registrations/new.html.erb within layouts/application
  Rendered /var/lib/gems/2.3.0/gems/devise-4.2.0/app/views/devise/shared/_links.html.erb (1.8ms)
  Rendered /var/lib/gems/2.3.0/gems/devise-4.2.0/app/views/devise/registrations/new.html.erb within layouts/application (32.2ms)
Completed 200 OK in 157ms (Views: 121.0ms | ActiveRecord: 4.6ms)


Started GET "/patients" for 127.0.0.1 at 2016-12-09 16:10:21 -0500
Processing by PatientsController#index as HTML
  Rendering patients/index.html.erb within layouts/application
  [1m[36mPatient Load (0.2ms)[0m  [1m[34mSELECT "patients".* FROM "patients"[0m
  Rendered patients/index.html.erb within layouts/application (2.0ms)
Completed 200 OK in 114ms (Views: 111.6ms | ActiveRecord: 0.2ms)


Started GET "/patients/new" for 127.0.0.1 at 2016-12-09 16:10:23 -0500
Processing by PatientsController#new as HTML
  Rendering patients/new.html.erb within layouts/application
  [1m[36mDoctor Load (0.2ms)[0m  [1m[34mSELECT "doctors".* FROM "doctors" ORDER BY "doctors"."name" ASC[0m
  Rendered patients/_form.html.erb (24.7ms)
  Rendered patients/new.html.erb within layouts/application (26.6ms)
Completed 200 OK in 119ms (Views: 116.5ms | ActiveRecord: 0.5ms)


Started GET "/patients/sign_up" for 127.0.0.1 at 2016-12-09 16:14:12 -0500
Processing by Devise::RegistrationsController#new as HTML
  Rendering /var/lib/gems/2.3.0/gems/devise-4.2.0/app/views/devise/registrations/new.html.erb within layouts/application
  Rendered /var/lib/gems/2.3.0/gems/devise-4.2.0/app/views/devise/shared/_links.html.erb (1.8ms)
  Rendered /var/lib/gems/2.3.0/gems/devise-4.2.0/app/views/devise/registrations/new.html.erb within layouts/application (10.9ms)
Completed 200 OK in 132ms (Views: 130.6ms | ActiveRecord: 0.0ms)


Started GET "/" for 127.0.0.1 at 2016-12-09 16:21:17 -0500
  [1m[36mActiveRecord::SchemaMigration Load (0.2ms)[0m  [1m[34mSELECT "schema_migrations".* FROM "schema_migrations"[0m
Processing by WelcomeController#index as HTML
  Rendering welcome/index.html.erb within layouts/application
  Rendered welcome/index.html.erb within layouts/application (8.0ms)
Completed 200 OK in 587ms (Views: 570.1ms | ActiveRecord: 0.0ms)


Started GET "/patients/sign_up" for 127.0.0.1 at 2016-12-09 16:21:19 -0500
Processing by Devise::RegistrationsController#new as HTML
  Rendering /var/lib/gems/2.3.0/gems/devise-4.2.0/app/views/devise/registrations/new.html.erb within layouts/application
  Rendered /var/lib/gems/2.3.0/gems/devise-4.2.0/app/views/devise/shared/_links.html.erb (1.5ms)
  Rendered /var/lib/gems/2.3.0/gems/devise-4.2.0/app/views/devise/registrations/new.html.erb within layouts/application (34.4ms)
Completed 200 OK in 155ms (Views: 120.2ms | ActiveRecord: 2.7ms)


Started GET "/patients/sign_up" for 127.0.0.1 at 2016-12-09 16:24:43 -0500
Processing by Devise::RegistrationsController#new as HTML
  Rendering /var/lib/gems/2.3.0/gems/devise-4.2.0/app/views/devise/registrations/new.html.erb within layouts/application
  Rendered /var/lib/gems/2.3.0/gems/devise-4.2.0/app/views/devise/shared/_links.html.erb (1.2ms)
  Rendered /var/lib/gems/2.3.0/gems/devise-4.2.0/app/views/devise/registrations/new.html.erb within layouts/application (8.9ms)
Completed 200 OK in 117ms (Views: 90.0ms | ActiveRecord: 1.4ms)


  [1m[36mActiveRecord::SchemaMigration Load (0.2ms)[0m  [1m[34mSELECT "schema_migrations".* FROM "schema_migrations"[0m
Migrating to AddDeviseToDoctors (20161209213243)
  [1m[35m (0.1ms)[0m  [1m[36mbegin transaction[0m
  [1m[35m (0.4ms)[0m  [1m[35mALTER TABLE "doctors" ADD "email" varchar DEFAULT '' NOT NULL[0m
  [1m[35m (0.1ms)[0m  [1m[31mrollback transaction[0m
  [1m[36mActiveRecord::SchemaMigration Load (0.2ms)[0m  [1m[34mSELECT "schema_migrations".* FROM "schema_migrations"[0m
Migrating to RemoveEmailFromDoctors (20161209213450)
  [1m[35m (0.1ms)[0m  [1m[36mbegin transaction[0m
  [1m[35m (0.4ms)[0m  [1m[35mCREATE TEMPORARY TABLE "adoctors" ("id" INTEGER PRIMARY KEY AUTOINCREMENT NOT NULL, "name" varchar, "email" varchar, "password" varchar, "created_at" datetime NOT NULL, "updated_at" datetime NOT NULL)[0m
  [1m[35m (0.2ms)[0m  [1m[32mINSERT INTO "adoctors" ("id","name","email","password","created_at","updated_at")
                     SELECT "id","name","email","password","created_at","updated_at" FROM "doctors"[0m
  [1m[35m (0.9ms)[0m  [1m[35mDROP TABLE "doctors"[0m
  [1m[35m (0.4ms)[0m  [1m[35mCREATE TABLE "doctors" ("id" INTEGER PRIMARY KEY AUTOINCREMENT NOT NULL, "name" varchar, "password" varchar, "created_at" datetime NOT NULL, "updated_at" datetime NOT NULL)[0m
  [1m[35m (0.1ms)[0m  [1m[32mINSERT INTO "doctors" ("id","name","password","created_at","updated_at")
                     SELECT "id","name","password","created_at","updated_at" FROM "adoctors"[0m
  [1m[35m (0.2ms)[0m  [1m[35mDROP TABLE "adoctors"[0m
  [1m[35mSQL (0.4ms)[0m  [1m[32mINSERT INTO "schema_migrations" ("version") VALUES (?)[0m  [["version", "20161209213450"]]
  [1m[35m (319.7ms)[0m  [1m[36mcommit transaction[0m
  [1m[36mActiveRecord::InternalMetadata Load (0.2ms)[0m  [1m[34mSELECT  "ar_internal_metadata".* FROM "ar_internal_metadata" WHERE "ar_internal_metadata"."key" = ? LIMIT ?[0m  [["key", :environment], ["LIMIT", 1]]
  [1m[35m (0.1ms)[0m  [1m[36mbegin transaction[0m
  [1m[35m (0.1ms)[0m  [1m[36mcommit transaction[0m
  [1m[36mActiveRecord::SchemaMigration Load (0.1ms)[0m  [1m[34mSELECT "schema_migrations".* FROM "schema_migrations"[0m
  [1m[35m (0.1ms)[0m  [1m[34m            SELECT sql
            FROM sqlite_master
            WHERE name='index_acutes_on_patient_id' AND type='index'
            UNION ALL
            SELECT sql
            FROM sqlite_temp_master
            WHERE name='index_acutes_on_patient_id' AND type='index'
[0m
  [1m[35m (0.1ms)[0m  [1m[34m            SELECT sql
            FROM sqlite_master
            WHERE name='index_chronics_on_patient_id' AND type='index'
            UNION ALL
            SELECT sql
            FROM sqlite_temp_master
            WHERE name='index_chronics_on_patient_id' AND type='index'
[0m
  [1m[35m (0.2ms)[0m  [1m[34m            SELECT sql
            FROM sqlite_master
            WHERE name='index_patients_on_reset_password_token' AND type='index'
            UNION ALL
            SELECT sql
            FROM sqlite_temp_master
            WHERE name='index_patients_on_reset_password_token' AND type='index'
[0m
  [1m[35m (0.2ms)[0m  [1m[34m            SELECT sql
            FROM sqlite_master
            WHERE name='index_patients_on_email' AND type='index'
            UNION ALL
            SELECT sql
            FROM sqlite_temp_master
            WHERE name='index_patients_on_email' AND type='index'
[0m
  [1m[35m (0.3ms)[0m  [1m[34m            SELECT sql
            FROM sqlite_master
            WHERE name='index_patients_on_doctor_id' AND type='index'
            UNION ALL
            SELECT sql
            FROM sqlite_temp_master
            WHERE name='index_patients_on_doctor_id' AND type='index'
[0m
  [1m[36mActiveRecord::SchemaMigration Load (0.2ms)[0m  [1m[34mSELECT "schema_migrations".* FROM "schema_migrations"[0m
Migrating to AddDeviseToDoctors (20161209213518)
  [1m[35m (0.1ms)[0m  [1m[36mbegin transaction[0m
  [1m[35m (1.0ms)[0m  [1m[35mALTER TABLE "doctors" ADD "email" varchar DEFAULT '' NOT NULL[0m
  [1m[35m (0.2ms)[0m  [1m[35mALTER TABLE "doctors" ADD "encrypted_password" varchar DEFAULT '' NOT NULL[0m
  [1m[35m (0.2ms)[0m  [1m[35mALTER TABLE "doctors" ADD "reset_password_token" varchar[0m
  [1m[35m (0.2ms)[0m  [1m[35mALTER TABLE "doctors" ADD "reset_password_sent_at" datetime[0m
  [1m[35m (0.2ms)[0m  [1m[35mALTER TABLE "doctors" ADD "remember_created_at" datetime[0m
  [1m[35m (0.3ms)[0m  [1m[35mALTER TABLE "doctors" ADD "sign_in_count" integer DEFAULT 0 NOT NULL[0m
  [1m[35m (0.2ms)[0m  [1m[35mALTER TABLE "doctors" ADD "current_sign_in_at" datetime[0m
  [1m[35m (0.2ms)[0m  [1m[35mALTER TABLE "doctors" ADD "last_sign_in_at" datetime[0m
  [1m[35m (0.3ms)[0m  [1m[35mALTER TABLE "doctors" ADD "current_sign_in_ip" varchar[0m
  [1m[35m (0.3ms)[0m  [1m[35mALTER TABLE "doctors" ADD "last_sign_in_ip" varchar[0m
  [1m[35m (0.1ms)[0m  [1m[34mselect sqlite_version(*)[0m
  [1m[35m (0.5ms)[0m  [1m[35mCREATE UNIQUE INDEX "index_doctors_on_email" ON "doctors" ("email")[0m
  [1m[35m (0.1ms)[0m  [1m[34m            SELECT sql
            FROM sqlite_master
            WHERE name='index_doctors_on_email' AND type='index'
            UNION ALL
            SELECT sql
            FROM sqlite_temp_master
            WHERE name='index_doctors_on_email' AND type='index'
[0m
  [1m[35m (0.2ms)[0m  [1m[35mCREATE UNIQUE INDEX "index_doctors_on_reset_password_token" ON "doctors" ("reset_password_token")[0m
  [1m[35mSQL (0.3ms)[0m  [1m[32mINSERT INTO "schema_migrations" ("version") VALUES (?)[0m  [["version", "20161209213518"]]
  [1m[35m (316.1ms)[0m  [1m[36mcommit transaction[0m
  [1m[36mActiveRecord::InternalMetadata Load (0.3ms)[0m  [1m[34mSELECT  "ar_internal_metadata".* FROM "ar_internal_metadata" WHERE "ar_internal_metadata"."key" = ? LIMIT ?[0m  [["key", :environment], ["LIMIT", 1]]
  [1m[35m (0.1ms)[0m  [1m[36mbegin transaction[0m
  [1m[35m (0.1ms)[0m  [1m[36mcommit transaction[0m
  [1m[36mActiveRecord::SchemaMigration Load (0.1ms)[0m  [1m[34mSELECT "schema_migrations".* FROM "schema_migrations"[0m
  [1m[35m (0.1ms)[0m  [1m[34m            SELECT sql
            FROM sqlite_master
            WHERE name='index_acutes_on_patient_id' AND type='index'
            UNION ALL
            SELECT sql
            FROM sqlite_temp_master
            WHERE name='index_acutes_on_patient_id' AND type='index'
[0m
  [1m[35m (0.2ms)[0m  [1m[34m            SELECT sql
            FROM sqlite_master
            WHERE name='index_chronics_on_patient_id' AND type='index'
            UNION ALL
            SELECT sql
            FROM sqlite_temp_master
            WHERE name='index_chronics_on_patient_id' AND type='index'
[0m
  [1m[35m (0.2ms)[0m  [1m[34m            SELECT sql
            FROM sqlite_master
            WHERE name='index_doctors_on_reset_password_token' AND type='index'
            UNION ALL
            SELECT sql
            FROM sqlite_temp_master
            WHERE name='index_doctors_on_reset_password_token' AND type='index'
[0m
  [1m[35m (0.1ms)[0m  [1m[34m            SELECT sql
            FROM sqlite_master
            WHERE name='index_doctors_on_email' AND type='index'
            UNION ALL
            SELECT sql
            FROM sqlite_temp_master
            WHERE name='index_doctors_on_email' AND type='index'
[0m
  [1m[35m (0.1ms)[0m  [1m[34m            SELECT sql
            FROM sqlite_master
            WHERE name='index_patients_on_reset_password_token' AND type='index'
            UNION ALL
            SELECT sql
            FROM sqlite_temp_master
            WHERE name='index_patients_on_reset_password_token' AND type='index'
[0m
  [1m[35m (0.1ms)[0m  [1m[34m            SELECT sql
            FROM sqlite_master
            WHERE name='index_patients_on_email' AND type='index'
            UNION ALL
            SELECT sql
            FROM sqlite_temp_master
            WHERE name='index_patients_on_email' AND type='index'
[0m
  [1m[35m (0.1ms)[0m  [1m[34m            SELECT sql
            FROM sqlite_master
            WHERE name='index_patients_on_doctor_id' AND type='index'
            UNION ALL
            SELECT sql
            FROM sqlite_temp_master
            WHERE name='index_patients_on_doctor_id' AND type='index'
[0m
Started GET "/" for 127.0.0.1 at 2016-12-09 16:39:58 -0500
  [1m[36mActiveRecord::SchemaMigration Load (0.5ms)[0m  [1m[34mSELECT "schema_migrations".* FROM "schema_migrations"[0m
Processing by WelcomeController#index as HTML
  Rendering welcome/index.html.erb within layouts/application
  Rendered welcome/index.html.erb within layouts/application (11.5ms)
Completed 200 OK in 515ms (Views: 497.8ms | ActiveRecord: 0.0ms)


Started GET "/doctors/sign_up" for 127.0.0.1 at 2016-12-09 16:40:00 -0500
Processing by Devise::RegistrationsController#new as HTML
  Rendering /var/lib/gems/2.3.0/gems/devise-4.2.0/app/views/devise/registrations/new.html.erb within layouts/application
  Rendered /var/lib/gems/2.3.0/gems/devise-4.2.0/app/views/devise/shared/_links.html.erb (2.4ms)
  Rendered /var/lib/gems/2.3.0/gems/devise-4.2.0/app/views/devise/registrations/new.html.erb within layouts/application (41.5ms)
Completed 200 OK in 190ms (Views: 155.3ms | ActiveRecord: 2.4ms)


Started POST "/doctors" for 127.0.0.1 at 2016-12-09 16:40:02 -0500
Processing by Devise::RegistrationsController#create as HTML
  Parameters: {"utf8"=>"✓", "authenticity_token"=>"anb78slPHRsD6lyM9Lha0gQp/XJaPq7WM7U+6lKKvg9sdKBX6YQm6MTAqpeJ1FqKzMwSzOzgbcjaPeMmI1kMxg==", "doctor"=>{"email"=>"huang@gmail.com", "password"=>"[FILTERED]", "password_confirmation"=>"[FILTERED]"}, "commit"=>"Sign up"}
  [1m[35m (0.2ms)[0m  [1m[36mbegin transaction[0m
  [1m[36mDoctor Exists (0.2ms)[0m  [1m[34mSELECT  1 AS one FROM "doctors" WHERE "doctors"."email" = ? LIMIT ?[0m  [["email", "huang@gmail.com"], ["LIMIT", 1]]
  [1m[35m (0.2ms)[0m  [1m[31mrollback transaction[0m
  Rendering /var/lib/gems/2.3.0/gems/devise-4.2.0/app/views/devise/registrations/new.html.erb within layouts/application
  Rendered /var/lib/gems/2.3.0/gems/devise-4.2.0/app/views/devise/shared/_links.html.erb (1.2ms)
  Rendered /var/lib/gems/2.3.0/gems/devise-4.2.0/app/views/devise/registrations/new.html.erb within layouts/application (8.9ms)
Completed 200 OK in 330ms (Views: 88.3ms | ActiveRecord: 0.7ms)


Started POST "/doctors" for 127.0.0.1 at 2016-12-09 16:40:10 -0500
Processing by Devise::RegistrationsController#create as HTML
  Parameters: {"utf8"=>"✓", "authenticity_token"=>"5L1BIQIzWTuSoTBh/zmDz/Rdi6CqvMZr55Dyr73hJgWLu+QYr/VLRLDCqlIhBt0zkk2QxCtDuF1GOu3s70t3yg==", "doctor"=>{"email"=>"huang@gmail.com", "password"=>"[FILTERED]", "password_confirmation"=>"[FILTERED]"}, "commit"=>"Sign up"}
  [1m[35m (0.1ms)[0m  [1m[36mbegin transaction[0m
  [1m[36mDoctor Exists (0.2ms)[0m  [1m[34mSELECT  1 AS one FROM "doctors" WHERE "doctors"."email" = ? LIMIT ?[0m  [["email", "huang@gmail.com"], ["LIMIT", 1]]
  [1m[35m (0.1ms)[0m  [1m[31mrollback transaction[0m
  Rendering /var/lib/gems/2.3.0/gems/devise-4.2.0/app/views/devise/registrations/new.html.erb within layouts/application
  Rendered /var/lib/gems/2.3.0/gems/devise-4.2.0/app/views/devise/shared/_links.html.erb (1.1ms)
  Rendered /var/lib/gems/2.3.0/gems/devise-4.2.0/app/views/devise/registrations/new.html.erb within layouts/application (7.5ms)
Completed 200 OK in 307ms (Views: 85.0ms | ActiveRecord: 0.4ms)


Started GET "/patients/sign_up" for 127.0.0.1 at 2016-12-09 16:49:00 -0500
Processing by Devise::RegistrationsController#new as HTML
  Rendering /var/lib/gems/2.3.0/gems/devise-4.2.0/app/views/devise/registrations/new.html.erb within layouts/application
  Rendered /var/lib/gems/2.3.0/gems/devise-4.2.0/app/views/devise/shared/_links.html.erb (1.6ms)
  Rendered /var/lib/gems/2.3.0/gems/devise-4.2.0/app/views/devise/registrations/new.html.erb within layouts/application (19.5ms)
Completed 200 OK in 214ms (Views: 179.5ms | ActiveRecord: 1.4ms)


Started GET "/patients/sign_up" for 127.0.0.1 at 2016-12-09 16:50:50 -0500
  [1m[36mActiveRecord::SchemaMigration Load (0.2ms)[0m  [1m[34mSELECT "schema_migrations".* FROM "schema_migrations"[0m
Processing by Devise::RegistrationsController#new as HTML
  Rendering /var/lib/gems/2.3.0/gems/devise-4.2.0/app/views/devise/registrations/new.html.erb within layouts/application
  Rendered /var/lib/gems/2.3.0/gems/devise-4.2.0/app/views/devise/shared/_links.html.erb (1.4ms)
  Rendered /var/lib/gems/2.3.0/gems/devise-4.2.0/app/views/devise/registrations/new.html.erb within layouts/application (43.4ms)
Completed 200 OK in 603ms (Views: 552.5ms | ActiveRecord: 2.3ms)


Started GET "/patients/sign_up" for 127.0.0.1 at 2016-12-09 16:52:42 -0500
Processing by Devise::RegistrationsController#new as HTML
  Rendering /var/lib/gems/2.3.0/gems/devise-4.2.0/app/views/devise/registrations/new.html.erb within layouts/application
  Rendered /var/lib/gems/2.3.0/gems/devise-4.2.0/app/views/devise/shared/_links.html.erb (3.0ms)
  Rendered /var/lib/gems/2.3.0/gems/devise-4.2.0/app/views/devise/registrations/new.html.erb within layouts/application (12.9ms)
Completed 200 OK in 123ms (Views: 121.9ms | ActiveRecord: 0.0ms)


Started GET "/patients/sign_up" for 127.0.0.1 at 2016-12-09 16:52:57 -0500
  [1m[36mActiveRecord::SchemaMigration Load (0.3ms)[0m  [1m[34mSELECT "schema_migrations".* FROM "schema_migrations"[0m
Processing by Devise::RegistrationsController#new as HTML
  Rendering patients/registrations/new.html.erb within layouts/application
  [1m[36mDoctor Load (0.5ms)[0m  [1m[34mSELECT "doctors".* FROM "doctors" ORDER BY "doctors"."name" ASC[0m
  Rendered patients/shared/_links.html.erb (5.0ms)
  Rendered patients/registrations/new.html.erb within layouts/application (51.1ms)
Completed 200 OK in 576ms (Views: 533.5ms | ActiveRecord: 3.2ms)


Started GET "/doctors/sign_up" for 127.0.0.1 at 2016-12-09 16:53:08 -0500
Processing by Devise::RegistrationsController#new as HTML
  Rendering /var/lib/gems/2.3.0/gems/devise-4.2.0/app/views/devise/registrations/new.html.erb within layouts/application
  Rendered /var/lib/gems/2.3.0/gems/devise-4.2.0/app/views/devise/shared/_links.html.erb (2.3ms)
  Rendered /var/lib/gems/2.3.0/gems/devise-4.2.0/app/views/devise/registrations/new.html.erb within layouts/application (9.8ms)
Completed 200 OK in 143ms (Views: 113.6ms | ActiveRecord: 0.6ms)


Started GET "/" for 127.0.0.1 at 2016-12-09 17:02:36 -0500
  [1m[36mActiveRecord::SchemaMigration Load (0.3ms)[0m  [1m[34mSELECT "schema_migrations".* FROM "schema_migrations"[0m
Processing by WelcomeController#index as HTML
  Rendering welcome/index.html.erb within layouts/application
  Rendered welcome/index.html.erb within layouts/application (6.1ms)
Completed 200 OK in 453ms (Views: 442.1ms | ActiveRecord: 0.0ms)


Started GET "/doctors/sign_up" for 127.0.0.1 at 2016-12-09 17:02:49 -0500
Processing by Devise::RegistrationsController#new as HTML
  Rendering doctors/registrations/new.html.erb within layouts/application
  Rendered doctors/shared/_links.html.erb (1.8ms)
  Rendered doctors/registrations/new.html.erb within layouts/application (40.3ms)
Completed 200 OK in 179ms (Views: 152.1ms | ActiveRecord: 7.6ms)


Started POST "/doctors" for 127.0.0.1 at 2016-12-09 17:02:56 -0500
Processing by Devise::RegistrationsController#create as HTML
  Parameters: {"utf8"=>"✓", "authenticity_token"=>"G0WWijMqJ529bQOLc6Eu4GsZQIcd6DEuEXxLuIa4+54dR80vE+EcbnpH9ZAOzS64o/yvOas28jD49JZ092tJVw==", "doctor"=>{"name"=>"jack", "email"=>"huang@gmail.com", "password"=>"[FILTERED]", "password_confirmation"=>"[FILTERED]"}, "commit"=>"Sign up"}
Unpermitted parameter: name
  [1m[35m (0.1ms)[0m  [1m[36mbegin transaction[0m
  [1m[36mDoctor Exists (0.3ms)[0m  [1m[34mSELECT  1 AS one FROM "doctors" WHERE "doctors"."email" = ? LIMIT ?[0m  [["email", "huang@gmail.com"], ["LIMIT", 1]]
  [1m[35m (0.1ms)[0m  [1m[31mrollback transaction[0m
  Rendering doctors/registrations/new.html.erb within layouts/application
  Rendered doctors/shared/_links.html.erb (1.2ms)
  Rendered doctors/registrations/new.html.erb within layouts/application (10.9ms)
Completed 200 OK in 335ms (Views: 93.9ms | ActiveRecord: 0.5ms)


Started GET "/" for 127.0.0.1 at 2016-12-09 17:21:40 -0500
  [1m[36mActiveRecord::SchemaMigration Load (0.2ms)[0m  [1m[34mSELECT "schema_migrations".* FROM "schema_migrations"[0m
Processing by WelcomeController#index as HTML
  Rendering welcome/index.html.erb within layouts/application
  Rendered welcome/index.html.erb within layouts/application (7.8ms)
Completed 200 OK in 697ms (Views: 684.7ms | ActiveRecord: 0.0ms)


Started GET "/patients/sign_up" for 127.0.0.1 at 2016-12-09 17:21:43 -0500
  
ActionController::RoutingError (uninitialized constant PatientRegistrationControllerController):
  
activesupport (5.0.0.1) lib/active_support/inflector/methods.rb:268:in `const_get'
activesupport (5.0.0.1) lib/active_support/inflector/methods.rb:268:in `block in constantize'
activesupport (5.0.0.1) lib/active_support/inflector/methods.rb:266:in `each'
activesupport (5.0.0.1) lib/active_support/inflector/methods.rb:266:in `inject'
activesupport (5.0.0.1) lib/active_support/inflector/methods.rb:266:in `constantize'
actionpack (5.0.0.1) lib/action_dispatch/http/request.rb:93:in `controller_class'
actionpack (5.0.0.1) lib/action_dispatch/routing/route_set.rb:44:in `controller'
actionpack (5.0.0.1) lib/action_dispatch/routing/route_set.rb:30:in `serve'
actionpack (5.0.0.1) lib/action_dispatch/routing/mapper.rb:16:in `block in <class:Constraints>'
actionpack (5.0.0.1) lib/action_dispatch/routing/mapper.rb:46:in `serve'
actionpack (5.0.0.1) lib/action_dispatch/journey/router.rb:39:in `block in serve'
actionpack (5.0.0.1) lib/action_dispatch/journey/router.rb:26:in `each'
actionpack (5.0.0.1) lib/action_dispatch/journey/router.rb:26:in `serve'
actionpack (5.0.0.1) lib/action_dispatch/routing/route_set.rb:725:in `call'
warden (1.2.6) lib/warden/manager.rb:35:in `block in call'
warden (1.2.6) lib/warden/manager.rb:34:in `catch'
warden (1.2.6) lib/warden/manager.rb:34:in `call'
rack (2.0.1) lib/rack/etag.rb:25:in `call'
rack (2.0.1) lib/rack/conditional_get.rb:25:in `call'
rack (2.0.1) lib/rack/head.rb:12:in `call'
rack (2.0.1) lib/rack/session/abstract/id.rb:222:in `context'
rack (2.0.1) lib/rack/session/abstract/id.rb:216:in `call'
actionpack (5.0.0.1) lib/action_dispatch/middleware/cookies.rb:613:in `call'
activerecord (5.0.0.1) lib/active_record/migration.rb:552:in `call'
actionpack (5.0.0.1) lib/action_dispatch/middleware/callbacks.rb:38:in `block in call'
activesupport (5.0.0.1) lib/active_support/callbacks.rb:97:in `__run_callbacks__'
activesupport (5.0.0.1) lib/active_support/callbacks.rb:750:in `_run_call_callbacks'
activesupport (5.0.0.1) lib/active_support/callbacks.rb:90:in `run_callbacks'
actionpack (5.0.0.1) lib/action_dispatch/middleware/callbacks.rb:36:in `call'
actionpack (5.0.0.1) lib/action_dispatch/middleware/executor.rb:12:in `call'
actionpack (5.0.0.1) lib/action_dispatch/middleware/remote_ip.rb:79:in `call'
actionpack (5.0.0.1) lib/action_dispatch/middleware/debug_exceptions.rb:49:in `call'
web-console (3.4.0) lib/web_console/middleware.rb:135:in `call_app'
web-console (3.4.0) lib/web_console/middleware.rb:28:in `block in call'
web-console (3.4.0) lib/web_console/middleware.rb:18:in `catch'
web-console (3.4.0) lib/web_console/middleware.rb:18:in `call'
actionpack (5.0.0.1) lib/action_dispatch/middleware/show_exceptions.rb:31:in `call'
railties (5.0.0.1) lib/rails/rack/logger.rb:36:in `call_app'
railties (5.0.0.1) lib/rails/rack/logger.rb:24:in `block in call'
activesupport (5.0.0.1) lib/active_support/tagged_logging.rb:70:in `block in tagged'
activesupport (5.0.0.1) lib/active_support/tagged_logging.rb:26:in `tagged'
activesupport (5.0.0.1) lib/active_support/tagged_logging.rb:70:in `tagged'
railties (5.0.0.1) lib/rails/rack/logger.rb:24:in `call'
sprockets-rails (3.2.0) lib/sprockets/rails/quiet_assets.rb:13:in `call'
actionpack (5.0.0.1) lib/action_dispatch/middleware/request_id.rb:24:in `call'
rack (2.0.1) lib/rack/method_override.rb:22:in `call'
rack (2.0.1) lib/rack/runtime.rb:22:in `call'
activesupport (5.0.0.1) lib/active_support/cache/strategy/local_cache_middleware.rb:28:in `call'
actionpack (5.0.0.1) lib/action_dispatch/middleware/executor.rb:12:in `call'
actionpack (5.0.0.1) lib/action_dispatch/middleware/static.rb:136:in `call'
rack (2.0.1) lib/rack/sendfile.rb:111:in `call'
railties (5.0.0.1) lib/rails/engine.rb:522:in `call'
puma (3.6.2) lib/puma/configuration.rb:225:in `call'
puma (3.6.2) lib/puma/server.rb:578:in `handle_request'
puma (3.6.2) lib/puma/server.rb:415:in `process_client'
puma (3.6.2) lib/puma/server.rb:275:in `block in run'
puma (3.6.2) lib/puma/thread_pool.rb:116:in `block in spawn_thread'
  Rendering /var/lib/gems/2.3.0/gems/actionpack-5.0.0.1/lib/action_dispatch/middleware/templates/rescues/routing_error.html.erb within rescues/layout
  Rendering /var/lib/gems/2.3.0/gems/actionpack-5.0.0.1/lib/action_dispatch/middleware/templates/rescues/_trace.html.erb
  Rendered /var/lib/gems/2.3.0/gems/actionpack-5.0.0.1/lib/action_dispatch/middleware/templates/rescues/_trace.html.erb (2.0ms)
  Rendered collection of /var/lib/gems/2.3.0/gems/actionpack-5.0.0.1/lib/action_dispatch/middleware/templates/routes/_route.html.erb [64 times] (55.6ms)
  Rendered /var/lib/gems/2.3.0/gems/actionpack-5.0.0.1/lib/action_dispatch/middleware/templates/routes/_table.html.erb (59.4ms)
  Rendering /var/lib/gems/2.3.0/gems/actionpack-5.0.0.1/lib/action_dispatch/middleware/templates/rescues/_request_and_response.html.erb
  Rendered /var/lib/gems/2.3.0/gems/actionpack-5.0.0.1/lib/action_dispatch/middleware/templates/rescues/_request_and_response.html.erb (1.6ms)
  Rendered /var/lib/gems/2.3.0/gems/actionpack-5.0.0.1/lib/action_dispatch/middleware/templates/rescues/routing_error.html.erb within rescues/layout (160.7ms)
Started GET "/" for 127.0.0.1 at 2016-12-09 17:26:54 -0500
  [1m[36mActiveRecord::SchemaMigration Load (0.5ms)[0m  [1m[34mSELECT "schema_migrations".* FROM "schema_migrations"[0m
Processing by WelcomeController#index as HTML
  Rendering welcome/index.html.erb within layouts/application
  Rendered welcome/index.html.erb within layouts/application (6.0ms)
Completed 200 OK in 640ms (Views: 628.5ms | ActiveRecord: 0.0ms)


Started GET "/patients/sign_up" for 127.0.0.1 at 2016-12-09 17:26:57 -0500
Processing by PatientRegistrationController#new as HTML
  Rendering /var/lib/gems/2.3.0/gems/devise-4.2.0/app/views/devise/registrations/new.html.erb within layouts/application
  Rendered /var/lib/gems/2.3.0/gems/devise-4.2.0/app/views/devise/shared/_links.html.erb (2.0ms)
  Rendered /var/lib/gems/2.3.0/gems/devise-4.2.0/app/views/devise/registrations/new.html.erb within layouts/application (41.4ms)
Completed 200 OK in 230ms (Views: 194.6ms | ActiveRecord: 1.0ms)


Started GET "/doctors/sign_up" for 127.0.0.1 at 2016-12-09 17:27:05 -0500
Processing by DoctorRegistrationController#new as HTML
  Rendering /var/lib/gems/2.3.0/gems/devise-4.2.0/app/views/devise/registrations/new.html.erb within layouts/application
  Rendered /var/lib/gems/2.3.0/gems/devise-4.2.0/app/views/devise/shared/_links.html.erb (3.1ms)
  Rendered /var/lib/gems/2.3.0/gems/devise-4.2.0/app/views/devise/registrations/new.html.erb within layouts/application (15.8ms)
Completed 200 OK in 192ms (Views: 138.7ms | ActiveRecord: 1.7ms)


Started GET "/" for 127.0.0.1 at 2016-12-09 17:31:44 -0500
Processing by WelcomeController#index as HTML
  Rendering welcome/index.html.erb within layouts/application
  Rendered welcome/index.html.erb within layouts/application (3.5ms)
Completed 200 OK in 168ms (Views: 165.1ms | ActiveRecord: 0.0ms)


Started GET "/" for 127.0.0.1 at 2016-12-09 17:31:56 -0500
  [1m[36mActiveRecord::SchemaMigration Load (2.5ms)[0m  [1m[34mSELECT "schema_migrations".* FROM "schema_migrations"[0m
Processing by WelcomeController#index as HTML
  Rendering welcome/index.html.erb within layouts/application
  Rendered welcome/index.html.erb within layouts/application (7.0ms)
Completed 200 OK in 525ms (Views: 510.2ms | ActiveRecord: 0.0ms)


Started GET "/patients/sign_up" for 127.0.0.1 at 2016-12-09 17:31:58 -0500
Processing by PatientRegistrationController#new as HTML
  Rendering /var/lib/gems/2.3.0/gems/devise-4.2.0/app/views/devise/registrations/new.html.erb within layouts/application
  Rendered /var/lib/gems/2.3.0/gems/devise-4.2.0/app/views/devise/shared/_links.html.erb (2.3ms)
  Rendered /var/lib/gems/2.3.0/gems/devise-4.2.0/app/views/devise/registrations/new.html.erb within layouts/application (39.0ms)
Completed 200 OK in 226ms (Views: 173.7ms | ActiveRecord: 1.7ms)


Started GET "/doctors/sign_up" for 127.0.0.1 at 2016-12-09 17:32:01 -0500
  
ActionController::RoutingError (uninitialized constant Doctor::RegistrationController):
  
activesupport (5.0.0.1) lib/active_support/inflector/methods.rb:270:in `const_get'
activesupport (5.0.0.1) lib/active_support/inflector/methods.rb:270:in `block in constantize'
activesupport (5.0.0.1) lib/active_support/inflector/methods.rb:266:in `each'
activesupport (5.0.0.1) lib/active_support/inflector/methods.rb:266:in `inject'
activesupport (5.0.0.1) lib/active_support/inflector/methods.rb:266:in `constantize'
actionpack (5.0.0.1) lib/action_dispatch/http/request.rb:93:in `controller_class'
actionpack (5.0.0.1) lib/action_dispatch/routing/route_set.rb:44:in `controller'
actionpack (5.0.0.1) lib/action_dispatch/routing/route_set.rb:30:in `serve'
actionpack (5.0.0.1) lib/action_dispatch/routing/mapper.rb:16:in `block in <class:Constraints>'
actionpack (5.0.0.1) lib/action_dispatch/routing/mapper.rb:46:in `serve'
actionpack (5.0.0.1) lib/action_dispatch/journey/router.rb:39:in `block in serve'
actionpack (5.0.0.1) lib/action_dispatch/journey/router.rb:26:in `each'
actionpack (5.0.0.1) lib/action_dispatch/journey/router.rb:26:in `serve'
actionpack (5.0.0.1) lib/action_dispatch/routing/route_set.rb:725:in `call'
warden (1.2.6) lib/warden/manager.rb:35:in `block in call'
warden (1.2.6) lib/warden/manager.rb:34:in `catch'
warden (1.2.6) lib/warden/manager.rb:34:in `call'
rack (2.0.1) lib/rack/etag.rb:25:in `call'
rack (2.0.1) lib/rack/conditional_get.rb:25:in `call'
rack (2.0.1) lib/rack/head.rb:12:in `call'
rack (2.0.1) lib/rack/session/abstract/id.rb:222:in `context'
rack (2.0.1) lib/rack/session/abstract/id.rb:216:in `call'
actionpack (5.0.0.1) lib/action_dispatch/middleware/cookies.rb:613:in `call'
activerecord (5.0.0.1) lib/active_record/migration.rb:552:in `call'
actionpack (5.0.0.1) lib/action_dispatch/middleware/callbacks.rb:38:in `block in call'
activesupport (5.0.0.1) lib/active_support/callbacks.rb:97:in `__run_callbacks__'
activesupport (5.0.0.1) lib/active_support/callbacks.rb:750:in `_run_call_callbacks'
activesupport (5.0.0.1) lib/active_support/callbacks.rb:90:in `run_callbacks'
actionpack (5.0.0.1) lib/action_dispatch/middleware/callbacks.rb:36:in `call'
actionpack (5.0.0.1) lib/action_dispatch/middleware/executor.rb:12:in `call'
actionpack (5.0.0.1) lib/action_dispatch/middleware/remote_ip.rb:79:in `call'
actionpack (5.0.0.1) lib/action_dispatch/middleware/debug_exceptions.rb:49:in `call'
web-console (3.4.0) lib/web_console/middleware.rb:135:in `call_app'
web-console (3.4.0) lib/web_console/middleware.rb:28:in `block in call'
web-console (3.4.0) lib/web_console/middleware.rb:18:in `catch'
web-console (3.4.0) lib/web_console/middleware.rb:18:in `call'
actionpack (5.0.0.1) lib/action_dispatch/middleware/show_exceptions.rb:31:in `call'
railties (5.0.0.1) lib/rails/rack/logger.rb:36:in `call_app'
railties (5.0.0.1) lib/rails/rack/logger.rb:24:in `block in call'
activesupport (5.0.0.1) lib/active_support/tagged_logging.rb:70:in `block in tagged'
activesupport (5.0.0.1) lib/active_support/tagged_logging.rb:26:in `tagged'
activesupport (5.0.0.1) lib/active_support/tagged_logging.rb:70:in `tagged'
railties (5.0.0.1) lib/rails/rack/logger.rb:24:in `call'
sprockets-rails (3.2.0) lib/sprockets/rails/quiet_assets.rb:13:in `call'
actionpack (5.0.0.1) lib/action_dispatch/middleware/request_id.rb:24:in `call'
rack (2.0.1) lib/rack/method_override.rb:22:in `call'
rack (2.0.1) lib/rack/runtime.rb:22:in `call'
activesupport (5.0.0.1) lib/active_support/cache/strategy/local_cache_middleware.rb:28:in `call'
actionpack (5.0.0.1) lib/action_dispatch/middleware/executor.rb:12:in `call'
actionpack (5.0.0.1) lib/action_dispatch/middleware/static.rb:136:in `call'
rack (2.0.1) lib/rack/sendfile.rb:111:in `call'
railties (5.0.0.1) lib/rails/engine.rb:522:in `call'
puma (3.6.2) lib/puma/configuration.rb:225:in `call'
puma (3.6.2) lib/puma/server.rb:578:in `handle_request'
puma (3.6.2) lib/puma/server.rb:415:in `process_client'
puma (3.6.2) lib/puma/server.rb:275:in `block in run'
puma (3.6.2) lib/puma/thread_pool.rb:116:in `block in spawn_thread'
  Rendering /var/lib/gems/2.3.0/gems/actionpack-5.0.0.1/lib/action_dispatch/middleware/templates/rescues/routing_error.html.erb within rescues/layout
  Rendering /var/lib/gems/2.3.0/gems/actionpack-5.0.0.1/lib/action_dispatch/middleware/templates/rescues/_trace.html.erb
  Rendered /var/lib/gems/2.3.0/gems/actionpack-5.0.0.1/lib/action_dispatch/middleware/templates/rescues/_trace.html.erb (2.2ms)
  Rendered collection of /var/lib/gems/2.3.0/gems/actionpack-5.0.0.1/lib/action_dispatch/middleware/templates/routes/_route.html.erb [64 times] (29.4ms)
  Rendered /var/lib/gems/2.3.0/gems/actionpack-5.0.0.1/lib/action_dispatch/middleware/templates/routes/_table.html.erb (2.4ms)
  Rendering /var/lib/gems/2.3.0/gems/actionpack-5.0.0.1/lib/action_dispatch/middleware/templates/rescues/_request_and_response.html.erb
  Rendered /var/lib/gems/2.3.0/gems/actionpack-5.0.0.1/lib/action_dispatch/middleware/templates/rescues/_request_and_response.html.erb (1.4ms)
  Rendered /var/lib/gems/2.3.0/gems/actionpack-5.0.0.1/lib/action_dispatch/middleware/templates/rescues/routing_error.html.erb within rescues/layout (70.3ms)
Started GET "/" for 127.0.0.1 at 2016-12-09 17:33:20 -0500
Processing by WelcomeController#index as HTML
  Rendering welcome/index.html.erb within layouts/application
  Rendered welcome/index.html.erb within layouts/application (0.9ms)
Completed 200 OK in 147ms (Views: 144.8ms | ActiveRecord: 0.0ms)


Started GET "/" for 127.0.0.1 at 2016-12-09 17:37:55 -0500
  [1m[36mActiveRecord::SchemaMigration Load (0.4ms)[0m  [1m[34mSELECT "schema_migrations".* FROM "schema_migrations"[0m
Processing by WelcomeController#index as HTML
  Rendering welcome/index.html.erb within layouts/application
  Rendered welcome/index.html.erb within layouts/application (8.0ms)
Completed 200 OK in 521ms (Views: 505.8ms | ActiveRecord: 0.0ms)


Started GET "/doctors/sign_up" for 127.0.0.1 at 2016-12-09 17:37:57 -0500
Processing by Devise::RegistrationsController#new as HTML
  Rendering doctors/registrations/new.html.erb within layouts/application
  Rendered doctors/shared/_links.html.erb (3.1ms)
  Rendered doctors/registrations/new.html.erb within layouts/application (46.0ms)
Completed 200 OK in 192ms (Views: 149.2ms | ActiveRecord: 1.8ms)


Started GET "/doctors/sign_up" for 127.0.0.1 at 2016-12-09 17:40:08 -0500
  [1m[36mActiveRecord::SchemaMigration Load (0.3ms)[0m  [1m[34mSELECT "schema_migrations".* FROM "schema_migrations"[0m
Processing by Devise::RegistrationsController#new as HTML
  Rendering doctors/registrations/new.html.erb within layouts/application
  Rendered doctors/shared/_links.html.erb (1.5ms)
  Rendered doctors/registrations/new.html.erb within layouts/application (33.6ms)
Completed 200 OK in 528ms (Views: 479.5ms | ActiveRecord: 1.7ms)


Started GET "/doctors/sign_in" for 127.0.0.1 at 2016-12-09 17:40:11 -0500
Processing by Devise::SessionsController#new as HTML
  Rendering doctors/sessions/new.html.erb within layouts/application
  Rendered doctors/shared/_links.html.erb (3.4ms)
  Rendered doctors/sessions/new.html.erb within layouts/application (33.6ms)
Completed 200 OK in 170ms (Views: 166.3ms | ActiveRecord: 0.0ms)


Started GET "/doctors/sign_up" for 127.0.0.1 at 2016-12-09 17:40:18 -0500
Processing by Devise::RegistrationsController#new as HTML
  Rendering doctors/registrations/new.html.erb within layouts/application
  Rendered doctors/shared/_links.html.erb (3.8ms)
  Rendered doctors/registrations/new.html.erb within layouts/application (18.6ms)
Completed 200 OK in 203ms (Views: 200.8ms | ActiveRecord: 0.0ms)


Started GET "/patients/sign_up" for 127.0.0.1 at 2016-12-09 17:40:22 -0500
Processing by Devise::RegistrationsController#new as HTML
  Rendering patients/registrations/new.html.erb within layouts/application
  [1m[36mDoctor Load (0.3ms)[0m  [1m[34mSELECT "doctors".* FROM "doctors" ORDER BY "doctors"."name" ASC[0m
  Rendered patients/shared/_links.html.erb (2.1ms)
  Rendered patients/registrations/new.html.erb within layouts/application (20.2ms)
Completed 200 OK in 172ms (Views: 133.8ms | ActiveRecord: 1.5ms)


Started GET "/" for 127.0.0.1 at 2016-12-12 10:06:48 -0500
  [1m[36mActiveRecord::SchemaMigration Load (0.3ms)[0m  [1m[34mSELECT "schema_migrations".* FROM "schema_migrations"[0m
Processing by WelcomeController#index as HTML
  Rendering welcome/index.html.erb within layouts/application
  Rendered welcome/index.html.erb within layouts/application (26.3ms)
Completed 200 OK in 1389ms (Views: 1337.1ms | ActiveRecord: 0.0ms)


Started GET "/patients" for 127.0.0.1 at 2016-12-12 10:06:52 -0500
Processing by PatientsController#index as HTML
  Rendering patients/index.html.erb within layouts/application
  [1m[36mPatient Load (0.4ms)[0m  [1m[34mSELECT "patients".* FROM "patients"[0m
  Rendered patients/index.html.erb within layouts/application (6.6ms)
Completed 200 OK in 177ms (Views: 128.6ms | ActiveRecord: 0.9ms)


Started GET "/patients/new" for 127.0.0.1 at 2016-12-12 10:06:57 -0500
Processing by PatientsController#new as HTML
  Rendering patients/new.html.erb within layouts/application
  [1m[36mDoctor Load (0.4ms)[0m  [1m[34mSELECT "doctors".* FROM "doctors" ORDER BY "doctors"."name" ASC[0m
  Rendered patients/_form.html.erb (110.5ms)
  Rendered patients/new.html.erb within layouts/application (147.4ms)
Completed 200 OK in 384ms (Views: 345.3ms | ActiveRecord: 3.4ms)


Started GET "/doctors" for 127.0.0.1 at 2016-12-12 10:07:01 -0500
Processing by DoctorsController#index as HTML
  Rendering doctors/index.html.erb within layouts/application
  [1m[36mDoctor Load (0.6ms)[0m  [1m[34mSELECT "doctors".* FROM "doctors"[0m
  Rendered doctors/index.html.erb within layouts/application (49.5ms)
Completed 200 OK in 207ms (Views: 202.8ms | ActiveRecord: 0.6ms)


Started GET "/doctors/new" for 127.0.0.1 at 2016-12-12 10:07:03 -0500
Processing by DoctorsController#new as HTML
  Rendering doctors/new.html.erb within layouts/application
  Rendered doctors/_form.html.erb (14.4ms)
  Rendered doctors/new.html.erb within layouts/application (21.0ms)
Completed 200 OK in 195ms (Views: 170.9ms | ActiveRecord: 0.8ms)


Started POST "/doctors" for 127.0.0.1 at 2016-12-12 10:07:21 -0500
Processing by Devise::RegistrationsController#create as HTML
  Parameters: {"utf8"=>"✓", "authenticity_token"=>"JVHQU+8tM2hI5OcNUz2jKZsbnSqo9o84LOe9LrWGwL40J/U2LJv+wWRJsm7ryX98JbMVLmYvjIxMCZzKiPlqlA==", "doctor"=>{"name"=>"jack", "email"=>"asd@gmail.com", "password"=>"[FILTERED]"}, "commit"=>"Create Doctor"}
Unpermitted parameter: name
  [1m[35m (0.1ms)[0m  [1m[36mbegin transaction[0m
  [1m[36mDoctor Exists (0.2ms)[0m  [1m[34mSELECT  1 AS one FROM "doctors" WHERE "doctors"."email" = ? LIMIT ?[0m  [["email", "asd@gmail.com"], ["LIMIT", 1]]
  [1m[35m (0.1ms)[0m  [1m[31mrollback transaction[0m
  Rendering doctors/registrations/new.html.erb within layouts/application
  Rendered doctors/shared/_links.html.erb (3.6ms)
  Rendered doctors/registrations/new.html.erb within layouts/application (43.1ms)
Completed 200 OK in 640ms (Views: 221.1ms | ActiveRecord: 0.5ms)


Started POST "/doctors" for 127.0.0.1 at 2016-12-12 10:07:46 -0500
Processing by Devise::RegistrationsController#create as HTML
  Parameters: {"utf8"=>"✓", "authenticity_token"=>"UjJTZoDtMBR85q18OSoHDCfYfSyuNlDXbO4DzLj3cH3OgUmR8Hab6Ft76Hy7buTJsHcHFTXQ1fhMhcgCrcJBRA==", "doctor"=>{"name"=>"huang", "email"=>"asd@gmail.com", "password"=>"[FILTERED]", "password_confirmation"=>"[FILTERED]"}, "commit"=>"Sign up"}
Unpermitted parameter: name
  [1m[35m (0.1ms)[0m  [1m[36mbegin transaction[0m
  [1m[36mDoctor Exists (0.3ms)[0m  [1m[34mSELECT  1 AS one FROM "doctors" WHERE "doctors"."email" = ? LIMIT ?[0m  [["email", "asd@gmail.com"], ["LIMIT", 1]]
  [1m[35m (0.2ms)[0m  [1m[31mrollback transaction[0m
  Rendering doctors/registrations/new.html.erb within layouts/application
  Rendered doctors/shared/_links.html.erb (2.3ms)
  Rendered doctors/registrations/new.html.erb within layouts/application (24.2ms)
Completed 200 OK in 403ms (Views: 154.6ms | ActiveRecord: 0.6ms)


Started GET "/" for 127.0.0.1 at 2016-12-12 10:14:05 -0500
  [1m[36mActiveRecord::SchemaMigration Load (0.3ms)[0m  [1m[34mSELECT "schema_migrations".* FROM "schema_migrations"[0m
Processing by WelcomeController#index as HTML
  Rendering welcome/index.html.erb within layouts/application
  Rendered welcome/index.html.erb within layouts/application (9.0ms)
Completed 200 OK in 711ms (Views: 689.5ms | ActiveRecord: 0.0ms)


Started GET "/" for 127.0.0.1 at 2016-12-12 10:25:24 -0500
  [1m[36mActiveRecord::SchemaMigration Load (0.3ms)[0m  [1m[34mSELECT "schema_migrations".* FROM "schema_migrations"[0m
Processing by WelcomeController#index as HTML
  Rendering welcome/index.html.erb within layouts/application
  Rendered welcome/index.html.erb within layouts/application (8.8ms)
Completed 200 OK in 740ms (Views: 719.5ms | ActiveRecord: 0.0ms)


Started GET "/" for 127.0.0.1 at 2016-12-12 10:25:27 -0500
Processing by WelcomeController#index as HTML
  Rendering welcome/index.html.erb within layouts/application
  Rendered welcome/index.html.erb within layouts/application (1.4ms)
Completed 200 OK in 120ms (Views: 116.3ms | ActiveRecord: 0.0ms)


Started GET "/patients" for 127.0.0.1 at 2016-12-12 10:25:32 -0500
Processing by PatientsController#index as HTML
  Rendering patients/index.html.erb within layouts/application
  [1m[36mPatient Load (0.3ms)[0m  [1m[34mSELECT "patients".* FROM "patients"[0m
  Rendered patients/index.html.erb within layouts/application (5.3ms)
Completed 200 OK in 139ms (Views: 131.3ms | ActiveRecord: 0.8ms)


Started GET "/doctors" for 127.0.0.1 at 2016-12-12 10:25:35 -0500
Processing by DoctorsController#index as HTML
  Rendering doctors/index.html.erb within layouts/application
  [1m[36mDoctor Load (0.3ms)[0m  [1m[34mSELECT "doctors".* FROM "doctors"[0m
  Rendered doctors/index.html.erb within layouts/application (8.6ms)
Completed 200 OK in 164ms (Views: 159.7ms | ActiveRecord: 0.7ms)


Started GET "/doctors/new" for 127.0.0.1 at 2016-12-12 10:25:37 -0500
Processing by DoctorsController#new as HTML
  Rendering doctors/new.html.erb within layouts/application
  Rendered doctors/_form.html.erb (40.4ms)
  Rendered doctors/new.html.erb within layouts/application (42.9ms)
Completed 200 OK in 248ms (Views: 205.8ms | ActiveRecord: 1.9ms)


Started POST "/doctors" for 127.0.0.1 at 2016-12-12 10:25:44 -0500
Processing by Devise::RegistrationsController#create as HTML
  Parameters: {"utf8"=>"✓", "authenticity_token"=>"mgPKn1iIqBlC8rlr+B6OEFzDI+UNEHqoUIM0nf46vM6Lde/6mz5lsG5f7AhA6lJF4mur4cPJeRwwbRV5w0UW5A==", "doctor"=>{"name"=>"q", "email"=>"sda", "password"=>"[FILTERED]"}, "commit"=>"Create Doctor"}
Unpermitted parameter: name
  [1m[35m (0.2ms)[0m  [1m[36mbegin transaction[0m
  [1m[36mDoctor Exists (0.2ms)[0m  [1m[34mSELECT  1 AS one FROM "doctors" WHERE "doctors"."email" = ? LIMIT ?[0m  [["email", "sda"], ["LIMIT", 1]]
  [1m[35m (0.1ms)[0m  [1m[31mrollback transaction[0m
  Rendering doctors/registrations/new.html.erb within layouts/application
  Rendered doctors/shared/_links.html.erb (3.9ms)
  Rendered doctors/registrations/new.html.erb within layouts/application (20.4ms)
Completed 200 OK in 480ms (Views: 166.4ms | ActiveRecord: 0.5ms)


Started GET "/" for 127.0.0.1 at 2016-12-12 11:47:23 -0500
  [1m[36mActiveRecord::SchemaMigration Load (0.3ms)[0m  [1m[34mSELECT "schema_migrations".* FROM "schema_migrations"[0m
Processing by WelcomeController#index as HTML
  Rendering welcome/index.html.erb within layouts/application
  Rendered welcome/index.html.erb within layouts/application (25.2ms)
Completed 200 OK in 1479ms (Views: 1448.4ms | ActiveRecord: 0.0ms)


Started GET "/patients" for 127.0.0.1 at 2016-12-12 11:47:27 -0500
Processing by PatientsController#index as HTML
  Rendering patients/index.html.erb within layouts/application
  [1m[36mPatient Load (0.4ms)[0m  [1m[34mSELECT "patients".* FROM "patients"[0m
  Rendered patients/index.html.erb within layouts/application (6.7ms)
Completed 200 OK in 209ms (Views: 155.2ms | ActiveRecord: 0.9ms)


Started GET "/doctors" for 127.0.0.1 at 2016-12-12 11:47:31 -0500
Processing by DoctorsController#index as HTML
  Rendering doctors/index.html.erb within layouts/application
  [1m[36mDoctor Load (0.5ms)[0m  [1m[34mSELECT "doctors".* FROM "doctors"[0m
  Rendered doctors/index.html.erb within layouts/application (9.5ms)
Completed 200 OK in 195ms (Views: 182.3ms | ActiveRecord: 1.4ms)


Started GET "/doctors/new" for 127.0.0.1 at 2016-12-12 11:47:34 -0500
Processing by DoctorsController#new as HTML
  Rendering doctors/new.html.erb within layouts/application
  Rendered doctors/_form.html.erb (66.8ms)
  Rendered doctors/new.html.erb within layouts/application (70.4ms)
Completed 200 OK in 227ms (Views: 196.6ms | ActiveRecord: 1.1ms)


Started POST "/doctors" for 127.0.0.1 at 2016-12-12 11:47:50 -0500
Processing by DoctorsController#create as HTML
  Parameters: {"utf8"=>"✓", "authenticity_token"=>"0a+FIAIQ+kRE+JiKqFfx9Pm4rM7/DKQKm0s9hiz0csBWFXvihc0PpQW9grHm5+Y/J+BbrkQg6dSoYUmazeB77w==", "doctor"=>{"name"=>"jack", "email"=>"hasdf@gamil.com", "password"=>"[FILTERED]"}, "commit"=>"Create Doctor"}
  [1m[35m (0.1ms)[0m  [1m[36mbegin transaction[0m
  [1m[35mSQL (2.7ms)[0m  [1m[32mINSERT INTO "doctors" ("name", "password", "created_at", "updated_at", "email") VALUES (?, ?, ?, ?, ?)[0m  [["name", "jack"], ["password", "1234"], ["created_at", 2016-12-12 16:47:50 UTC], ["updated_at", 2016-12-12 16:47:50 UTC], ["email", "hasdf@gamil.com"]]
  [1m[35m (21.9ms)[0m  [1m[36mcommit transaction[0m
Redirected to http://localhost:3000/doctors/1
Completed 302 Found in 44ms (ActiveRecord: 24.7ms)


Started GET "/doctors/1" for 127.0.0.1 at 2016-12-12 11:47:50 -0500
Processing by DoctorsController#show as HTML
  Parameters: {"id"=>"1"}
  [1m[36mDoctor Load (0.4ms)[0m  [1m[34mSELECT  "doctors".* FROM "doctors" WHERE "doctors"."id" = ? LIMIT ?[0m  [["id", 1], ["LIMIT", 1]]
  Rendering doctors/show.html.erb within layouts/application
  [1m[36mPatient Load (0.5ms)[0m  [1m[34mSELECT "patients".* FROM "patients" WHERE "patients"."doctor_id" = ?[0m  [["doctor_id", 1]]
  Rendered doctors/show.html.erb within layouts/application (76.3ms)
Completed 200 OK in 596ms (Views: 276.7ms | ActiveRecord: 1.0ms)


Started GET "/doctors" for 127.0.0.1 at 2016-12-12 11:47:54 -0500
Processing by DoctorsController#index as HTML
  Rendering doctors/index.html.erb within layouts/application
  [1m[36mDoctor Load (0.5ms)[0m  [1m[34mSELECT "doctors".* FROM "doctors"[0m
  Rendered doctors/index.html.erb within layouts/application (8.2ms)
Completed 200 OK in 202ms (Views: 199.6ms | ActiveRecord: 0.5ms)


Started GET "/" for 127.0.0.1 at 2016-12-12 11:47:56 -0500
Processing by WelcomeController#index as HTML
  Rendering welcome/index.html.erb within layouts/application
  Rendered welcome/index.html.erb within layouts/application (1.3ms)
Completed 200 OK in 217ms (Views: 214.5ms | ActiveRecord: 0.0ms)


Started GET "/patients" for 127.0.0.1 at 2016-12-12 11:47:58 -0500
Processing by PatientsController#index as HTML
  Rendering patients/index.html.erb within layouts/application
  [1m[36mPatient Load (0.3ms)[0m  [1m[34mSELECT "patients".* FROM "patients"[0m
  Rendered patients/index.html.erb within layouts/application (3.4ms)
Completed 200 OK in 208ms (Views: 205.3ms | ActiveRecord: 0.3ms)


Started GET "/patients/new" for 127.0.0.1 at 2016-12-12 11:48:00 -0500
Processing by PatientsController#new as HTML
  Rendering patients/new.html.erb within layouts/application
  Rendered patients/_form.html.erb (15.4ms)
  Rendered patients/new.html.erb within layouts/application (19.0ms)
Completed 200 OK in 347ms (Views: 194.5ms | ActiveRecord: 0.6ms)


Started POST "/patients" for 127.0.0.1 at 2016-12-12 11:48:14 -0500
Processing by PatientsController#create as HTML
  Parameters: {"utf8"=>"✓", "authenticity_token"=>"713wW5XsxgC7jPI1cvupeDsxcy6YxIQ6N6gOXZXWwopyMLiPw5J/qHnJNdxz2prtlRyD7zaEePvm60SatlOH1A==", "patient"=>{"name"=>"alice", "email"=>"asdf@gmail.com", "password"=>"[FILTERED]", "doctor_id"=>"1"}, "commit"=>"Create Patient"}
  [1m[35m (0.2ms)[0m  [1m[36mbegin transaction[0m
  [1m[36mDoctor Load (0.2ms)[0m  [1m[34mSELECT  "doctors".* FROM "doctors" WHERE "doctors"."id" = ? LIMIT ?[0m  [["id", 1], ["LIMIT", 1]]
  [1m[35mSQL (0.5ms)[0m  [1m[32mINSERT INTO "patients" ("name", "password", "doctor_id", "created_at", "updated_at", "email") VALUES (?, ?, ?, ?, ?, ?)[0m  [["name", "alice"], ["password", "234"], ["doctor_id", 1], ["created_at", 2016-12-12 16:48:14 UTC], ["updated_at", 2016-12-12 16:48:14 UTC], ["email", "asdf@gmail.com"]]
  [1m[35m (16.2ms)[0m  [1m[36mcommit transaction[0m
Redirected to http://localhost:3000/patients/1
Completed 302 Found in 42ms (ActiveRecord: 17.1ms)


Started GET "/patients/1" for 127.0.0.1 at 2016-12-12 11:48:15 -0500
Processing by PatientsController#show as HTML
  Parameters: {"id"=>"1"}
  [1m[36mPatient Load (0.4ms)[0m  [1m[34mSELECT  "patients".* FROM "patients" WHERE "patients"."id" = ? LIMIT ?[0m  [["id", 1], ["LIMIT", 1]]
  Rendering patients/show.html.erb within layouts/application
  Rendered patients/show.html.erb within layouts/application (3.7ms)
Completed 200 OK in 163ms (Views: 157.9ms | ActiveRecord: 0.4ms)


Started GET "/patients" for 127.0.0.1 at 2016-12-12 11:48:19 -0500
Processing by PatientsController#index as HTML
  Rendering patients/index.html.erb within layouts/application
  [1m[36mPatient Load (0.4ms)[0m  [1m[34mSELECT "patients".* FROM "patients"[0m
  Rendered patients/index.html.erb within layouts/application (18.7ms)
Completed 200 OK in 200ms (Views: 195.7ms | ActiveRecord: 0.4ms)


Started GET "/chronics?p_id=1" for 127.0.0.1 at 2016-12-12 11:48:22 -0500
Processing by ChronicsController#index as HTML
  Parameters: {"p_id"=>"1"}
  Rendering chronics/index.html.erb within layouts/application
  [1m[36mChronic Load (0.3ms)[0m  [1m[34mSELECT "chronics".* FROM "chronics" WHERE (patient_id = '1')[0m
  Rendered chronics/index.html.erb within layouts/application (5.3ms)
Completed 200 OK in 482ms (Views: 160.6ms | ActiveRecord: 0.8ms)


Started GET "/chronics/new" for 127.0.0.1 at 2016-12-12 11:48:26 -0500
Processing by ChronicsController#new as HTML
  Rendering chronics/new.html.erb within layouts/application
  Rendered chronics/_form.html.erb (47.3ms)
  Rendered chronics/new.html.erb within layouts/application (66.5ms)
Completed 200 OK in 547ms (Views: 224.7ms | ActiveRecord: 1.0ms)


Started GET "/" for 127.0.0.1 at 2016-12-12 11:52:11 -0500
Processing by WelcomeController#index as HTML
  Rendering welcome/index.html.erb within layouts/application
  Rendered welcome/index.html.erb within layouts/application (2.5ms)
Completed 200 OK in 191ms (Views: 187.9ms | ActiveRecord: 0.0ms)


Started GET "/patients" for 127.0.0.1 at 2016-12-12 11:52:13 -0500
Processing by PatientsController#index as HTML
  Rendering patients/index.html.erb within layouts/application
  [1m[36mPatient Load (2.6ms)[0m  [1m[34mSELECT "patients".* FROM "patients"[0m
  Rendered patients/index.html.erb within layouts/application (55.3ms)
Completed 200 OK in 211ms (Views: 178.7ms | ActiveRecord: 4.6ms)


Started GET "/chronics?p_id=1" for 127.0.0.1 at 2016-12-12 11:52:16 -0500
Processing by ChronicsController#index as HTML
  Parameters: {"p_id"=>"1"}
  Rendering chronics/index.html.erb within layouts/application
  [1m[36mChronic Load (0.2ms)[0m  [1m[34mSELECT "chronics".* FROM "chronics" WHERE (patient_id = '1')[0m
  Rendered chronics/index.html.erb within layouts/application (4.2ms)
Completed 200 OK in 151ms (Views: 141.0ms | ActiveRecord: 0.6ms)


Started GET "/chronics/new" for 127.0.0.1 at 2016-12-12 11:52:19 -0500
Processing by ChronicsController#new as HTML
  Rendering chronics/new.html.erb within layouts/application
  Rendered chronics/_form.html.erb (2.5ms)
  Rendered chronics/new.html.erb within layouts/application (10.7ms)
Completed 500 Internal Server Error in 46ms (ActiveRecord: 0.6ms)


  
SyntaxError (/home/web/rails/gitArea/rails/SinusDoc/app/views/chronics/_form.html.erb:16: syntax error, unexpected '{', expecting ')'
...=( f.number_field :patient_id {:value => p_id} );@output_buf...
...                               ^
/home/web/rails/gitArea/rails/SinusDoc/app/views/chronics/_form.html.erb:32: syntax error, unexpected keyword_end, expecting ')'
'.freeze; end 
             ^
/home/web/rails/gitArea/rails/SinusDoc/app/views/chronics/_form.html.erb:34: syntax error, unexpected keyword_ensure, expecting ')'
/home/web/rails/gitArea/rails/SinusDoc/app/views/chronics/_form.html.erb:36: syntax error, unexpected keyword_end, expecting ')'):
  
app/views/chronics/_form.html.erb:16: syntax error, unexpected '{', expecting ')'
app/views/chronics/_form.html.erb:32: syntax error, unexpected keyword_end, expecting ')'
app/views/chronics/_form.html.erb:34: syntax error, unexpected keyword_ensure, expecting ')'
app/views/chronics/_form.html.erb:36: syntax error, unexpected keyword_end, expecting ')'
app/views/chronics/new.html.erb:3:in `_app_views_chronics_new_html_erb__536934370__633029488'
  Rendering /var/lib/gems/2.3.0/gems/actionpack-5.0.0.1/lib/action_dispatch/middleware/templates/rescues/diagnostics.html.erb within rescues/layout
  Rendering /var/lib/gems/2.3.0/gems/actionpack-5.0.0.1/lib/action_dispatch/middleware/templates/rescues/_source.html.erb
  Rendered /var/lib/gems/2.3.0/gems/actionpack-5.0.0.1/lib/action_dispatch/middleware/templates/rescues/_source.html.erb (21.9ms)
  Rendering /var/lib/gems/2.3.0/gems/actionpack-5.0.0.1/lib/action_dispatch/middleware/templates/rescues/_trace.html.erb
  Rendered /var/lib/gems/2.3.0/gems/actionpack-5.0.0.1/lib/action_dispatch/middleware/templates/rescues/_trace.html.erb (10.2ms)
  Rendering /var/lib/gems/2.3.0/gems/actionpack-5.0.0.1/lib/action_dispatch/middleware/templates/rescues/_request_and_response.html.erb
  Rendered /var/lib/gems/2.3.0/gems/actionpack-5.0.0.1/lib/action_dispatch/middleware/templates/rescues/_request_and_response.html.erb (2.0ms)
  Rendered /var/lib/gems/2.3.0/gems/actionpack-5.0.0.1/lib/action_dispatch/middleware/templates/rescues/diagnostics.html.erb within rescues/layout (96.0ms)
Started GET "/chronics/new" for 127.0.0.1 at 2016-12-12 11:52:41 -0500
Processing by ChronicsController#new as HTML
  Rendering chronics/new.html.erb within layouts/application
  Rendered chronics/_form.html.erb (36.9ms)
  Rendered chronics/new.html.erb within layouts/application (40.0ms)
Completed 200 OK in 197ms (Views: 193.0ms | ActiveRecord: 0.0ms)


Started GET "/" for 127.0.0.1 at 2016-12-12 12:14:37 -0500
Processing by WelcomeController#index as HTML
  Rendering welcome/index.html.erb within layouts/application
  Rendered welcome/index.html.erb within layouts/application (1.1ms)
Completed 200 OK in 144ms (Views: 141.6ms | ActiveRecord: 0.0ms)


Started GET "/patients" for 127.0.0.1 at 2016-12-12 12:14:39 -0500
Processing by PatientsController#index as HTML
  Rendering patients/index.html.erb within layouts/application
  [1m[36mPatient Load (2.8ms)[0m  [1m[34mSELECT "patients".* FROM "patients"[0m
  Rendered patients/index.html.erb within layouts/application (7.1ms)
Completed 200 OK in 174ms (Views: 168.4ms | ActiveRecord: 2.8ms)


Started GET "/chronics?p_id=1" for 127.0.0.1 at 2016-12-12 12:14:44 -0500
Processing by ChronicsController#index as HTML
  Parameters: {"p_id"=>"1"}
  Rendering chronics/index.html.erb within layouts/application
  [1m[36mChronic Load (0.3ms)[0m  [1m[34mSELECT "chronics".* FROM "chronics" WHERE (patient_id = '1')[0m
  Rendered chronics/index.html.erb within layouts/application (3.2ms)
Completed 200 OK in 167ms (Views: 164.7ms | ActiveRecord: 0.3ms)


Started GET "/chronics/new" for 127.0.0.1 at 2016-12-12 12:14:46 -0500
Processing by ChronicsController#new as HTML
  Rendering chronics/new.html.erb within layouts/application
  Rendered chronics/_form.html.erb (18.8ms)
  Rendered chronics/new.html.erb within layouts/application (47.9ms)
Completed 200 OK in 205ms (Views: 198.6ms | ActiveRecord: 0.0ms)


Started GET "/chronics/new" for 127.0.0.1 at 2016-12-12 12:15:18 -0500
Processing by ChronicsController#new as HTML
  Rendering chronics/new.html.erb within layouts/application
  Rendered chronics/_form.html.erb (27.9ms)
  Rendered chronics/new.html.erb within layouts/application (31.3ms)
Completed 200 OK in 175ms (Views: 171.4ms | ActiveRecord: 0.0ms)


Started GET "/chronics/new" for 127.0.0.1 at 2016-12-12 12:19:13 -0500
Processing by ChronicsController#new as HTML
  Rendering chronics/new.html.erb within layouts/application
  Rendered chronics/_form.html.erb (9.6ms)
  Rendered chronics/new.html.erb within layouts/application (11.8ms)
Completed 200 OK in 157ms (Views: 155.0ms | ActiveRecord: 0.0ms)


Started GET "/" for 127.0.0.1 at 2016-12-17 09:20:01 -0500
  [1m[36mActiveRecord::SchemaMigration Load (0.4ms)[0m  [1m[34mSELECT "schema_migrations".* FROM "schema_migrations"[0m
Processing by WelcomeController#index as HTML
  Rendering welcome/index.html.erb within layouts/application
  Rendered welcome/index.html.erb within layouts/application (43.0ms)
Completed 200 OK in 1877ms (Views: 1828.6ms | ActiveRecord: 0.0ms)


Started GET "/patients" for 127.0.0.1 at 2016-12-17 09:20:06 -0500
Processing by PatientsController#index as HTML
  Rendering patients/index.html.erb within layouts/application
  [1m[36mPatient Load (0.6ms)[0m  [1m[34mSELECT "patients".* FROM "patients"[0m
  Rendered patients/index.html.erb within layouts/application (36.7ms)
Completed 200 OK in 237ms (Views: 170.4ms | ActiveRecord: 2.0ms)


Started GET "/acutes" for 127.0.0.1 at 2016-12-17 09:21:21 -0500
Processing by AcutesController#index as HTML
  Rendering acutes/index.html.erb within layouts/application
  [1m[36mAcute Load (0.2ms)[0m  [1m[34mSELECT "acutes".* FROM "acutes"[0m
  Rendered acutes/index.html.erb within layouts/application (3.5ms)
Completed 200 OK in 93ms (Views: 78.8ms | ActiveRecord: 0.6ms)


Started GET "/acutes/new" for 127.0.0.1 at 2016-12-17 09:21:31 -0500
Processing by AcutesController#new as HTML
  Rendering acutes/new.html.erb within layouts/application
  Rendered acutes/_form.html.erb (58.0ms)
  Rendered acutes/new.html.erb within layouts/application (359.8ms)
Completed 200 OK in 447ms (Views: 435.7ms | ActiveRecord: 0.4ms)


